<?xml version="1.0" encoding="UTF-8"?>
<!-- Generated by org.testng.reporters.JUnitReportReporter -->
<testsuite hostname="DESKTOP-TGAKPMP" failures="0" tests="1" name="testCases.TC001_AccountRegistrationTest" time="7.236" errors="0" timestamp="2025-01-09T16:20:51 IST" skipped="0">
  <testcase classname="testCases.TC001_AccountRegistrationTest" name="verify_AccountRegistration" time="7.236"/>
</testsuite> <!-- testCases.TC001_AccountRegistrationTest -->
