<?xml version="1.0" encoding="UTF-8"?>
<!-- Generated by org.testng.reporters.JUnitReportReporter -->
<testsuite hostname="DESKTOP-TGAKPMP" failures="0" tests="1" name="testCases.TC002_LoginTest" time="3.425" errors="0" timestamp="2025-01-09T16:20:51 IST" skipped="0">
  <testcase classname="testCases.TC002_LoginTest" name="loginTest" time="3.425"/>
</testsuite> <!-- testCases.TC002_LoginTest -->
