<?xml version="1.0" encoding="UTF-8"?>
<!-- Generated by org.testng.reporters.JUnitReportReporter -->
<testsuite hostname="DESKTOP-TGAKPMP" failures="0" tests="1" name="testCases.TC002_LoginTest" time="2.376" errors="0" timestamp="2025-01-10T16:39:04 IST" skipped="0">
  <testcase classname="testCases.TC002_LoginTest" name="loginTest" time="2.376"/>
</testsuite> <!-- testCases.TC002_LoginTest -->
