<?xml version="1.0" encoding="UTF-8"?>
<!-- Generated by org.testng.reporters.JUnitReportReporter -->
<testsuite hostname="DESKTOP-TGAKPMP" failures="0" tests="1" name="testCases.TC001_AccountRegistrationTest" time="4.842" errors="0" timestamp="2025-01-11T21:05:26 IST" skipped="0">
  <testcase classname="testCases.TC001_AccountRegistrationTest" name="verify_AccountRegistration" time="4.842"/>
</testsuite> <!-- testCases.TC001_AccountRegistrationTest -->
