<?xml version="1.0" encoding="UTF-8"?>
<!-- Generated by org.testng.reporters.JUnitReportReporter -->
<testsuite hostname="DESKTOP-TGAKPMP" failures="0" tests="1" name="testCases.TC001_AccountRegistrationTest" time="2.949" errors="0" timestamp="2025-01-10T16:39:04 IST" skipped="0">
  <testcase classname="testCases.TC001_AccountRegistrationTest" name="verify_AccountRegistration" time="2.949"/>
</testsuite> <!-- testCases.TC001_AccountRegistrationTest -->
